<?xml version="1.0" encoding="UTF-8"?>
<testng-results skipped="0" failed="0" total="1" passed="1">
  <reporter-output>
  </reporter-output>
  <suite name="Default suite" duration-ms="6333" started-at="2019-06-29T16:14:08Z" finished-at="2019-06-29T16:14:15Z">
    <groups>
    </groups>
    <test name="Default test" duration-ms="6333" started-at="2019-06-29T16:14:08Z" finished-at="2019-06-29T16:14:15Z">
      <class name="org.mma.training.selenium.NewTest">
        <test-method status="PASS" signature="setUp()[pri:0, instance:org.mma.training.selenium.NewTest@2ef5e5e3]" name="setUp" is-config="true" duration-ms="4236" started-at="2019-06-29T12:14:08Z" finished-at="2019-06-29T12:14:13Z">
          <reporter-output>
          </reporter-output>
        </test-method> <!-- setUp -->
        <test-method status="PASS" signature="testGooglePageTitleInIEBrowser()[pri:0, instance:org.mma.training.selenium.NewTest@2ef5e5e3]" name="testGooglePageTitleInIEBrowser" duration-ms="1292" started-at="2019-06-29T12:14:13Z" finished-at="2019-06-29T12:14:14Z">
          <reporter-output>
          </reporter-output>
        </test-method> <!-- testGooglePageTitleInIEBrowser -->
        <test-method status="PASS" signature="tearDown()[pri:0, instance:org.mma.training.selenium.NewTest@2ef5e5e3]" name="tearDown" is-config="true" duration-ms="778" started-at="2019-06-29T12:14:14Z" finished-at="2019-06-29T12:14:15Z">
          <reporter-output>
          </reporter-output>
        </test-method> <!-- tearDown -->
      </class> <!-- org.mma.training.selenium.NewTest -->
    </test> <!-- Default test -->
  </suite> <!-- Default suite -->
</testng-results>
